<?xml version="1.0" encoding="UTF-8"?>
<testsuite xmlns:xsi="http://www.w3.org/2001/XMLSchema-instance" xsi:noNamespaceSchemaLocation="https://maven.apache.org/surefire/maven-surefire-plugin/xsd/surefire-test-report.xsd" version="3.0.2" name="com.galaxium.hr.resource.EmployeeResourceTest" time="1.219" tests="6" errors="0" skipped="0" failures="0">
  <properties>
[...]
</properties>
  <testcase name="testDeleteEmployee" classname="com.galaxium.hr.resource.EmployeeResourceTest" time="0.573">
    <system-err><![CDATA[Sep 07, 2026 3:23:26 PM io.quarkus.bootstrap.runner.Timing printStartupTime
INFO: hr-database-backend-java 1.0.0 on JVM (powered by Quarkus 3.37.0) started in 1.306s. Listening on: http://localhost:8089
Sep 07, 2026 3:23:26 PM io.quarkus.bootstrap.runner.Timing printStartupTime
INFO: Profile test activated. 
Sep 07, 2026 3:23:26 PM io.quarkus.bootstrap.runner.Timing printStartupTime
INFO: Installed features: [cdi, rest, rest-jackson, smallrye-context-propagation, smallrye-health, smallrye-openapi, swagger-ui, vertx]
Sep 07, 2026 3:23:26 PM org.jboss.logmanager.JBossLoggerFinder getLogger
ERROR: The LogManager accessed before the "java.util.logging.manager" system property was set to "org.jboss.logmanager.LogManager". Results may be unexpected.
]]></system-err>
  </testcase>
  <testcase name="testGetEmployees" classname="com.galaxium.hr.resource.EmployeeResourceTest" time="0.202"/>
  <testcase name="testGetEmployeeNotFound" classname="com.galaxium.hr.resource.EmployeeResourceTest" time="0.015"/>
  <testcase name="testGetEmployeeById" classname="com.galaxium.hr.resource.EmployeeResourceTest" time="0.023"/>
  <testcase name="testUpdateEmployee" classname="com.galaxium.hr.resource.EmployeeResourceTest" time="0.031"/>
  <testcase name="testCreateEmployee" classname="com.galaxium.hr.resource.EmployeeResourceTest" time="0.035"/>
</testsuite>